Base path: C:/Program Files/Unity/Editor/Data
Cmd: getPlatforms
Cmd: compileSnippet
  api=4 type=0 insize=986 outsize=2846 kw=DIRECTIONAL LIGHTMAP_OFF DYNAMICLIGHTMAP_OFF VERTEXLIGHT_ON pd=UNITY_ENABLE_REFLECTION_BUFFERS UNITY_PBS_USE_BRDF1 UNITY_SPECCUBE_BOX_PROJECTION UNITY_SPECCUBE_BLENDING ok=1
Cmd: disassembleShader
  api=15 insize=2846 outsize=4505 ok=1
Cmd: compileSnippet
  api=4 type=0 insize=986 outsize=3022 kw=DIRECTIONAL SHADOWS_SCREEN LIGHTMAP_OFF DYNAMICLIGHTMAP_OFF VERTEXLIGHT_ON pd=UNITY_ENABLE_REFLECTION_BUFFERS UNITY_PBS_USE_BRDF1 UNITY_SPECCUBE_BOX_PROJECTION UNITY_SPECCUBE_BLENDING ok=1
Cmd: disassembleShader
  api=15 insize=3022 outsize=4786 ok=1
Cmd: compileSnippet
  api=4 type=0 insize=986 outsize=3022 kw=DIRECTIONAL SHADOWS_SCREEN LIGHTMAP_OFF DYNAMICLIGHTMAP_OFF _EMISSION VERTEXLIGHT_ON pd=UNITY_ENABLE_REFLECTION_BUFFERS UNITY_PBS_USE_BRDF1 UNITY_SPECCUBE_BOX_PROJECTION UNITY_SPECCUBE_BLENDING ok=1
Cmd: disassembleShader
  api=15 insize=3022 outsize=4786 ok=1
Cmd: disassembleShader
  api=17 insize=6502 outsize=9241 ok=1
Cmd: disassembleShader
  api=17 insize=6454 outsize=9113 ok=1
Cmd: compileSnippet
  api=1 type=1 insize=986 outsize=4200 kw=DIRECTIONAL SHADOWS_SCREEN LIGHTMAP_OFF DYNAMICLIGHTMAP_OFF _EMISSION pd=UNITY_ENABLE_REFLECTION_BUFFERS UNITY_PBS_USE_BRDF1 UNITY_SPECCUBE_BOX_PROJECTION UNITY_SPECCUBE_BLENDING ok=1
Cmd: disassembleShader
  api=12 insize=4200 outsize=7664 ok=1
Cmd: compileSnippet
  api=1 type=0 insize=912 outsize=1052 kw=DIRECTIONAL pd=UNITY_ENABLE_REFLECTION_BUFFERS UNITY_PBS_USE_BRDF1 UNITY_SPECCUBE_BOX_PROJECTION UNITY_SPECCUBE_BLENDING ok=1
Cmd: disassembleShader
  api=10 insize=1052 outsize=1686 ok=1
Cmd: compileSnippet
  api=4 type=0 insize=912 outsize=1966 kw=SPOT pd=UNITY_ENABLE_REFLECTION_BUFFERS UNITY_PBS_USE_BRDF1 UNITY_SPECCUBE_BOX_PROJECTION UNITY_SPECCUBE_BLENDING ok=1
Cmd: disassembleShader
  api=15 insize=1966 outsize=3305 ok=1
Cmd: compileSnippet
  api=1 type=0 insize=912 outsize=1296 kw=SPOT SHADOWS_DEPTH pd=UNITY_ENABLE_REFLECTION_BUFFERS UNITY_PBS_USE_BRDF1 UNITY_SPECCUBE_BOX_PROJECTION UNITY_SPECCUBE_BLENDING ok=1
Cmd: disassembleShader
  api=10 insize=1296 outsize=2092 ok=1
Cmd: compileSnippet
  api=4 type=0 insize=912 outsize=1802 kw=DIRECTIONAL SHADOWS_SCREEN pd=UNITY_ENABLE_REFLECTION_BUFFERS UNITY_PBS_USE_BRDF1 UNITY_SPECCUBE_BOX_PROJECTION UNITY_SPECCUBE_BLENDING ok=1
Cmd: disassembleShader
  api=15 insize=1802 outsize=3109 ok=1
Cmd: compileSnippet
  api=1 type=0 insize=912 outsize=1212 kw=POINT_COOKIE SHADOWS_CUBE pd=UNITY_ENABLE_REFLECTION_BUFFERS UNITY_PBS_USE_BRDF1 UNITY_SPECCUBE_BOX_PROJECTION UNITY_SPECCUBE_BLENDING ok=1
Cmd: disassembleShader
  api=10 insize=1212 outsize=2000 ok=1
Cmd: compileSnippet
  api=4 type=0 insize=912 outsize=2170 kw=SPOT SHADOWS_DEPTH SHADOWS_SOFT pd=UNITY_ENABLE_REFLECTION_BUFFERS UNITY_PBS_USE_BRDF1 UNITY_SPECCUBE_BOX_PROJECTION UNITY_SPECCUBE_BLENDING ok=1
Cmd: disassembleShader
  api=15 insize=2170 outsize=3640 ok=1
Cmd: disassembleShader
  api=17 insize=2842 outsize=4009 ok=1
Cmd: compileSnippet
  api=1 type=1 insize=912 outsize=2204 kw=SPOT pd=UNITY_ENABLE_REFLECTION_BUFFERS UNITY_PBS_USE_BRDF1 UNITY_SPECCUBE_BOX_PROJECTION UNITY_SPECCUBE_BLENDING ok=1
Cmd: disassembleShader
  api=12 insize=2204 outsize=3930 ok=1
Cmd: compileSnippet
  api=1 type=1 insize=912 outsize=2044 kw=DIRECTIONAL_COOKIE pd=UNITY_ENABLE_REFLECTION_BUFFERS UNITY_PBS_USE_BRDF1 UNITY_SPECCUBE_BOX_PROJECTION UNITY_SPECCUBE_BLENDING ok=1
Cmd: disassembleShader
  api=12 insize=2044 outsize=3662 ok=1
Cmd: compileSnippet
  api=1 type=1 insize=912 outsize=2032 kw=DIRECTIONAL SHADOWS_SCREEN pd=UNITY_ENABLE_REFLECTION_BUFFERS UNITY_PBS_USE_BRDF1 UNITY_SPECCUBE_BOX_PROJECTION UNITY_SPECCUBE_BLENDING ok=1
Cmd: disassembleShader
  api=12 insize=2032 outsize=3653 ok=1
Cmd: compileSnippet
  api=1 type=1 insize=912 outsize=2360 kw=POINT SHADOWS_CUBE pd=UNITY_ENABLE_REFLECTION_BUFFERS UNITY_PBS_USE_BRDF1 UNITY_SPECCUBE_BOX_PROJECTION UNITY_SPECCUBE_BLENDING ok=1
Cmd: disassembleShader
  api=12 insize=2360 outsize=4217 ok=1
Cmd: compileSnippet
  api=1 type=1 insize=912 outsize=2636 kw=SPOT SHADOWS_DEPTH SHADOWS_SOFT pd=UNITY_ENABLE_REFLECTION_BUFFERS UNITY_PBS_USE_BRDF1 UNITY_SPECCUBE_BOX_PROJECTION UNITY_SPECCUBE_BLENDING ok=1
Cmd: disassembleShader
  api=12 insize=2636 outsize=4657 ok=1
Cmd: compileSnippet
  api=4 type=1 insize=912 outsize=3918 kw=POINT_COOKIE SHADOWS_CUBE SHADOWS_SOFT pd=UNITY_ENABLE_REFLECTION_BUFFERS UNITY_PBS_USE_BRDF1 UNITY_SPECCUBE_BOX_PROJECTION UNITY_SPECCUBE_BLENDING ok=1
Cmd: disassembleShader
  api=17 insize=3918 outsize=5747 ok=1
Cmd: compileSnippet
  api=4 type=0 insize=608 outsize=686 kw=SHADOWS_CUBE pd=UNITY_ENABLE_REFLECTION_BUFFERS UNITY_PBS_USE_BRDF1 UNITY_SPECCUBE_BOX_PROJECTION UNITY_SPECCUBE_BLENDING ok=1
Cmd: disassembleShader
  api=15 insize=686 outsize=1426 ok=1
Cmd: compileSnippet
  api=4 type=1 insize=608 outsize=350 kw=SHADOWS_CUBE pd=UNITY_ENABLE_REFLECTION_BUFFERS UNITY_PBS_USE_BRDF1 UNITY_SPECCUBE_BOX_PROJECTION UNITY_SPECCUBE_BLENDING ok=1
Cmd: disassembleShader
  api=17 insize=350 outsize=907 ok=1
Cmd: compileSnippet
  api=4 type=0 insize=1140 outsize=1946 kw=LIGHTMAP_OFF DYNAMICLIGHTMAP_OFF _EMISSION pd=UNITY_ENABLE_REFLECTION_BUFFERS UNITY_PBS_USE_BRDF1 UNITY_SPECCUBE_BOX_PROJECTION UNITY_SPECCUBE_BLENDING ok=1
Cmd: disassembleShader
  api=15 insize=1946 outsize=3283 ok=1
Cmd: compileSnippet
  api=4 type=0 insize=1140 outsize=2302 kw=LIGHTMAP_OFF DIRLIGHTMAP_COMBINED DYNAMICLIGHTMAP_OFF _EMISSION pd=UNITY_ENABLE_REFLECTION_BUFFERS UNITY_PBS_USE_BRDF1 UNITY_SPECCUBE_BOX_PROJECTION UNITY_SPECCUBE_BLENDING ok=1
Cmd: disassembleShader
  api=15 insize=2302 outsize=3759 ok=1
Cmd: compileSnippet
  api=4 type=0 insize=1140 outsize=2302 kw=LIGHTMAP_OFF DIRLIGHTMAP_SEPARATE DYNAMICLIGHTMAP_OFF _EMISSION pd=UNITY_ENABLE_REFLECTION_BUFFERS UNITY_PBS_USE_BRDF1 UNITY_SPECCUBE_BOX_PROJECTION UNITY_SPECCUBE_BLENDING ok=1
Cmd: disassembleShader
  api=15 insize=2302 outsize=3759 ok=1
Cmd: compileSnippet
  api=4 type=0 insize=1140 outsize=1946 kw=LIGHTMAP_OFF DYNAMICLIGHTMAP_OFF _EMISSION UNITY_HDR_ON pd=UNITY_ENABLE_REFLECTION_BUFFERS UNITY_PBS_USE_BRDF1 UNITY_SPECCUBE_BOX_PROJECTION UNITY_SPECCUBE_BLENDING ok=1
Cmd: disassembleShader
  api=15 insize=1946 outsize=3283 ok=1
Cmd: compileSnippet
  api=4 type=0 insize=1140 outsize=2302 kw=LIGHTMAP_OFF DIRLIGHTMAP_COMBINED DYNAMICLIGHTMAP_OFF _EMISSION UNITY_HDR_ON pd=UNITY_ENABLE_REFLECTION_BUFFERS UNITY_PBS_USE_BRDF1 UNITY_SPECCUBE_BOX_PROJECTION UNITY_SPECCUBE_BLENDING ok=1
Cmd: disassembleShader
  api=15 insize=2302 outsize=3759 ok=1
Cmd: compileSnippet
  api=4 type=1 insize=1140 outsize=2530 kw=LIGHTMAP_OFF DYNAMICLIGHTMAP_OFF pd=UNITY_ENABLE_REFLECTION_BUFFERS UNITY_PBS_USE_BRDF1 UNITY_SPECCUBE_BOX_PROJECTION UNITY_SPECCUBE_BLENDING ok=1
Cmd: disassembleShader
  api=17 insize=2530 outsize=4454 ok=1
Cmd: compileSnippet
  api=4 type=1 insize=1140 outsize=2634 kw=LIGHTMAP_OFF DIRLIGHTMAP_COMBINED DYNAMICLIGHTMAP_OFF _EMISSION pd=UNITY_ENABLE_REFLECTION_BUFFERS UNITY_PBS_USE_BRDF1 UNITY_SPECCUBE_BOX_PROJECTION UNITY_SPECCUBE_BLENDING ok=1
Cmd: disassembleShader
  api=17 insize=2634 outsize=4639 ok=1
Cmd: compileSnippet
  api=4 type=1 insize=1140 outsize=2634 kw=LIGHTMAP_OFF DIRLIGHTMAP_SEPARATE DYNAMICLIGHTMAP_OFF _EMISSION pd=UNITY_ENABLE_REFLECTION_BUFFERS UNITY_PBS_USE_BRDF1 UNITY_SPECCUBE_BOX_PROJECTION UNITY_SPECCUBE_BLENDING ok=1
Cmd: disassembleShader
  api=17 insize=2634 outsize=4639 ok=1
Cmd: compileSnippet
  api=4 type=1 insize=1140 outsize=2610 kw=LIGHTMAP_OFF DYNAMICLIGHTMAP_OFF _EMISSION UNITY_HDR_ON pd=UNITY_ENABLE_REFLECTION_BUFFERS UNITY_PBS_USE_BRDF1 UNITY_SPECCUBE_BOX_PROJECTION UNITY_SPECCUBE_BLENDING ok=1
Cmd: disassembleShader
  api=17 insize=2610 outsize=4612 ok=1
Cmd: compileSnippet
  api=4 type=1 insize=1140 outsize=2610 kw=LIGHTMAP_OFF DIRLIGHTMAP_COMBINED DYNAMICLIGHTMAP_OFF _EMISSION UNITY_HDR_ON pd=UNITY_ENABLE_REFLECTION_BUFFERS UNITY_PBS_USE_BRDF1 UNITY_SPECCUBE_BOX_PROJECTION UNITY_SPECCUBE_BLENDING ok=1
Cmd: disassembleShader
  api=17 insize=2610 outsize=4612 ok=1
Cmd: compileSnippet
  api=4 type=0 insize=1061 outsize=2438 kw=DIRECTIONAL LIGHTMAP_OFF DYNAMICLIGHTMAP_OFF pd=UNITY_ENABLE_REFLECTION_BUFFERS UNITY_PBS_USE_BRDF1 UNITY_SPECCUBE_BOX_PROJECTION UNITY_SPECCUBE_BLENDING ok=1
Cmd: disassembleShader
  api=15 insize=2438 outsize=3954 ok=1
Cmd: compileSnippet
  api=1 type=0 insize=1061 outsize=2268 kw=DIRECTIONAL LIGHTMAP_OFF DYNAMICLIGHTMAP_OFF VERTEXLIGHT_ON pd=UNITY_ENABLE_REFLECTION_BUFFERS UNITY_PBS_USE_BRDF1 UNITY_SPECCUBE_BOX_PROJECTION UNITY_SPECCUBE_BLENDING ok=1
Cmd: disassembleShader
  api=9 insize=2268 outsize=3747 ok=1
Cmd: compileSnippet
  api=1 type=0 insize=1061 outsize=2432 kw=DIRECTIONAL SHADOWS_SCREEN LIGHTMAP_OFF DYNAMICLIGHTMAP_OFF VERTEXLIGHT_ON pd=UNITY_ENABLE_REFLECTION_BUFFERS UNITY_PBS_USE_BRDF1 UNITY_SPECCUBE_BOX_PROJECTION UNITY_SPECCUBE_BLENDING ok=1
Cmd: disassembleShader
  api=9 insize=2432 outsize=4041 ok=1
Cmd: compileSnippet
  api=1 type=0 insize=1061 outsize=1632 kw=DIRECTIONAL LIGHTMAP_OFF DYNAMICLIGHTMAP_OFF _EMISSION pd=UNITY_ENABLE_REFLECTION_BUFFERS UNITY_PBS_USE_BRDF1 UNITY_SPECCUBE_BOX_PROJECTION UNITY_SPECCUBE_BLENDING ok=1
Cmd: disassembleShader
  api=9 insize=1632 outsize=2777 ok=1
Cmd: compileSnippet
  api=1 type=0 insize=1061 outsize=1796 kw=DIRECTIONAL SHADOWS_SCREEN LIGHTMAP_OFF DYNAMICLIGHTMAP_OFF _EMISSION pd=UNITY_ENABLE_REFLECTION_BUFFERS UNITY_PBS_USE_BRDF1 UNITY_SPECCUBE_BOX_PROJECTION UNITY_SPECCUBE_BLENDING ok=1
Cmd: disassembleShader
  api=9 insize=1796 outsize=3071 ok=1
Cmd: compileSnippet
  api=1 type=0 insize=1061 outsize=2268 kw=DIRECTIONAL LIGHTMAP_OFF DYNAMICLIGHTMAP_OFF _EMISSION VERTEXLIGHT_ON pd=UNITY_ENABLE_REFLECTION_BUFFERS UNITY_PBS_USE_BRDF1 UNITY_SPECCUBE_BOX_PROJECTION UNITY_SPECCUBE_BLENDING ok=1
Cmd: disassembleShader
  api=9 insize=2268 outsize=3747 ok=1
Cmd: compileSnippet
  api=1 type=0 insize=1061 outsize=2432 kw=DIRECTIONAL SHADOWS_SCREEN LIGHTMAP_OFF DYNAMICLIGHTMAP_OFF _EMISSION VERTEXLIGHT_ON pd=UNITY_ENABLE_REFLECTION_BUFFERS UNITY_PBS_USE_BRDF1 UNITY_SPECCUBE_BOX_PROJECTION UNITY_SPECCUBE_BLENDING ok=1
Cmd: disassembleShader
  api=9 insize=2432 outsize=4041 ok=1
Cmd: compileSnippet
  api=4 type=1 insize=1061 outsize=2042 kw=DIRECTIONAL LIGHTMAP_OFF DYNAMICLIGHTMAP_OFF pd=UNITY_ENABLE_REFLECTION_BUFFERS UNITY_PBS_USE_BRDF1 UNITY_SPECCUBE_BOX_PROJECTION UNITY_SPECCUBE_BLENDING ok=1
Cmd: disassembleShader
  api=17 insize=2042 outsize=3450 ok=1
Cmd: compileSnippet
  api=1 type=1 insize=1061 outsize=1632 kw=DIRECTIONAL LIGHTMAP_OFF DYNAMICLIGHTMAP_OFF _EMISSION pd=UNITY_ENABLE_REFLECTION_BUFFERS UNITY_PBS_USE_BRDF1 UNITY_SPECCUBE_BOX_PROJECTION UNITY_SPECCUBE_BLENDING ok=1
Cmd: disassembleShader
  api=11 insize=1632 outsize=2826 ok=1
Cmd: compileSnippet
  api=1 type=1 insize=1061 outsize=1744 kw=DIRECTIONAL SHADOWS_SCREEN LIGHTMAP_OFF DYNAMICLIGHTMAP_OFF _EMISSION pd=UNITY_ENABLE_REFLECTION_BUFFERS UNITY_PBS_USE_BRDF1 UNITY_SPECCUBE_BOX_PROJECTION UNITY_SPECCUBE_BLENDING ok=1
Cmd: disassembleShader
  api=11 insize=1744 outsize=2985 ok=1
Cmd: compileSnippet
  api=4 type=0 insize=925 outsize=2118 kw=POINT pd=UNITY_ENABLE_REFLECTION_BUFFERS UNITY_PBS_USE_BRDF1 UNITY_SPECCUBE_BOX_PROJECTION UNITY_SPECCUBE_BLENDING ok=1
Cmd: disassembleShader
  api=15 insize=2118 outsize=3478 ok=1
Cmd: compileSnippet
  api=1 type=0 insize=925 outsize=1136 kw=SPOT pd=UNITY_ENABLE_REFLECTION_BUFFERS UNITY_PBS_USE_BRDF1 UNITY_SPECCUBE_BOX_PROJECTION UNITY_SPECCUBE_BLENDING ok=1
Cmd: disassembleShader
  api=9 insize=1136 outsize=1859 ok=1
Cmd: compileSnippet
  api=1 type=0 insize=925 outsize=1120 kw=POINT_COOKIE pd=UNITY_ENABLE_REFLECTION_BUFFERS UNITY_PBS_USE_BRDF1 UNITY_SPECCUBE_BOX_PROJECTION UNITY_SPECCUBE_BLENDING ok=1
Cmd: disassembleShader
  api=9 insize=1120 outsize=1836 ok=1
Cmd: compileSnippet
  api=8 type=0 insize=925 outsize=3130 kw=POINT_COOKIE pd=UNITY_NO_LINEAR_COLORSPACE UNITY_ENABLE_REFLECTION_BUFFERS UNITY_PBS_USE_BRDF1 UNITY_SPECCUBE_BOX_PROJECTION UNITY_SPECCUBE_BLENDING SHADER_API_MOBILE ok=1
Cmd: disassembleShader
  api=13 insize=3130 outsize=6087 ok=1
Cmd: compileSnippet
  api=1 type=0 insize=925 outsize=1192 kw=DIRECTIONAL SHADOWS_SCREEN pd=UNITY_ENABLE_REFLECTION_BUFFERS UNITY_PBS_USE_BRDF1 UNITY_SPECCUBE_BOX_PROJECTION UNITY_SPECCUBE_BLENDING ok=1
Cmd: disassembleShader
  api=9 insize=1192 outsize=1929 ok=1
Cmd: compileSnippet
  api=8 type=0 insize=925 outsize=2790 kw=DIRECTIONAL SHADOWS_SCREEN pd=UNITY_NO_LINEAR_COLORSPACE UNITY_ENABLE_REFLECTION_BUFFERS UNITY_PBS_USE_BRDF1 UNITY_SPECCUBE_BOX_PROJECTION UNITY_SPECCUBE_BLENDING SHADER_API_MOBILE ok=1
Cmd: disassembleShader
  api=13 insize=2790 outsize=5615 ok=1
Cmd: compileSnippet
  api=4 type=0 insize=925 outsize=2190 kw=POINT SHADOWS_CUBE pd=UNITY_ENABLE_REFLECTION_BUFFERS UNITY_PBS_USE_BRDF1 UNITY_SPECCUBE_BOX_PROJECTION UNITY_SPECCUBE_BLENDING ok=1
Cmd: disassembleShader
  api=15 insize=2190 outsize=3612 ok=1
Cmd: compileSnippet
  api=8 type=0 insize=925 outsize=3218 kw=POINT_COOKIE SHADOWS_CUBE pd=UNITY_NO_LINEAR_COLORSPACE UNITY_ENABLE_REFLECTION_BUFFERS UNITY_PBS_USE_BRDF1 UNITY_SPECCUBE_BOX_PROJECTION UNITY_SPECCUBE_BLENDING SHADER_API_MOBILE ok=1
Cmd: disassembleShader
  api=13 insize=3218 outsize=6253 ok=1
Cmd: compileSnippet
  api=1 type=1 insize=925 outsize=940 kw=DIRECTIONAL pd=UNITY_ENABLE_REFLECTION_BUFFERS UNITY_PBS_USE_BRDF1 UNITY_SPECCUBE_BOX_PROJECTION UNITY_SPECCUBE_BLENDING ok=1
Cmd: disassembleShader
  api=11 insize=940 outsize=1639 ok=1
Cmd: compileSnippet
  api=4 type=1 insize=925 outsize=1266 kw=DIRECTIONAL pd=UNITY_ENABLE_REFLECTION_BUFFERS UNITY_PBS_USE_BRDF1 UNITY_SPECCUBE_BOX_PROJECTION UNITY_SPECCUBE_BLENDING ok=1
Cmd: disassembleShader
  api=17 insize=1266 outsize=2313 ok=1
Cmd: compileSnippet
  api=8 type=1 insize=925 outsize=2494 kw=SPOT pd=UNITY_NO_LINEAR_COLORSPACE UNITY_ENABLE_REFLECTION_BUFFERS UNITY_PBS_USE_BRDF1 UNITY_SPECCUBE_BOX_PROJECTION UNITY_SPECCUBE_BLENDING SHADER_API_MOBILE ok=1
Cmd: disassembleShader
  api=14 insize=2494 outsize=5312 ok=1
Cmd: compileSnippet
  api=8 type=1 insize=925 outsize=2094 kw=DIRECTIONAL_COOKIE pd=UNITY_NO_LINEAR_COLORSPACE UNITY_ENABLE_REFLECTION_BUFFERS UNITY_PBS_USE_BRDF1 UNITY_SPECCUBE_BOX_PROJECTION UNITY_SPECCUBE_BLENDING SHADER_API_MOBILE ok=1
Cmd: disassembleShader
  api=14 insize=2094 outsize=4620 ok=1
Cmd: compileSnippet
  api=1 type=1 insize=925 outsize=1052 kw=DIRECTIONAL SHADOWS_SCREEN pd=UNITY_ENABLE_REFLECTION_BUFFERS UNITY_PBS_USE_BRDF1 UNITY_SPECCUBE_BOX_PROJECTION UNITY_SPECCUBE_BLENDING ok=1
Cmd: disassembleShader
  api=11 insize=1052 outsize=1828 ok=1
Cmd: compileSnippet
  api=1 type=1 insize=925 outsize=1160 kw=DIRECTIONAL_COOKIE SHADOWS_SCREEN pd=UNITY_ENABLE_REFLECTION_BUFFERS UNITY_PBS_USE_BRDF1 UNITY_SPECCUBE_BOX_PROJECTION UNITY_SPECCUBE_BLENDING ok=1
Cmd: disassembleShader
  api=11 insize=1160 outsize=1983 ok=1
Cmd: compileSnippet
  api=4 type=1 insize=925 outsize=1758 kw=POINT SHADOWS_CUBE pd=UNITY_ENABLE_REFLECTION_BUFFERS UNITY_PBS_USE_BRDF1 UNITY_SPECCUBE_BOX_PROJECTION UNITY_SPECCUBE_BLENDING ok=1
Cmd: disassembleShader
  api=17 insize=1758 outsize=3181 ok=1
Cmd: compileSnippet
  api=8 type=1 insize=925 outsize=2806 kw=POINT_COOKIE SHADOWS_CUBE pd=UNITY_NO_LINEAR_COLORSPACE UNITY_ENABLE_REFLECTION_BUFFERS UNITY_PBS_USE_BRDF1 UNITY_SPECCUBE_BOX_PROJECTION UNITY_SPECCUBE_BLENDING SHADER_API_MOBILE ok=1
Cmd: disassembleShader
  api=14 insize=2806 outsize=6047 ok=1
Cmd: compileSnippet
  api=1 type=0 insize=600 outsize=440 kw=SHADOWS_CUBE pd=UNITY_ENABLE_REFLECTION_BUFFERS UNITY_PBS_USE_BRDF1 UNITY_SPECCUBE_BOX_PROJECTION UNITY_SPECCUBE_BLENDING ok=1
Cmd: disassembleShader
  api=9 insize=440 outsize=734 ok=1
Cmd: compileSnippet
  api=4 type=0 insize=600 outsize=686 kw=SHADOWS_CUBE pd=UNITY_ENABLE_REFLECTION_BUFFERS UNITY_PBS_USE_BRDF1 UNITY_SPECCUBE_BOX_PROJECTION UNITY_SPECCUBE_BLENDING ok=1
Cmd: disassembleShader
  api=15 insize=686 outsize=1426 ok=1
Cmd: compileSnippet
  api=8 type=1 insize=600 outsize=286 kw=SHADOWS_DEPTH pd=UNITY_NO_LINEAR_COLORSPACE UNITY_ENABLE_REFLECTION_BUFFERS UNITY_PBS_USE_BRDF1 UNITY_SPECCUBE_BOX_PROJECTION UNITY_SPECCUBE_BLENDING SHADER_API_MOBILE ok=1
Cmd: disassembleShader
  api=14 insize=286 outsize=766 ok=1
